<?xml version="1.0" encoding="UTF-8"?>
<!-- Generated by org.testng.reporters.JUnitXMLReporter -->
<testsuite ignored="0" hostname="SHREE" failures="1" tests="4" name="Test" time="51.355" errors="0" timestamp="2024-09-04T19:58:22 IST">
  <testcase classname="com.test.LoginTest" name="testClickRegisterAndLogin" time="4.035"/>
  <testcase classname="com.test.SignUpPageTest" name="testNewUserRegisterAndLogin" time="12.473">
    <failure type="java.lang.AssertionError" message="null">
      <![CDATA[java.lang.AssertionError: null
at com.test.SignUpPageTest.testNewUserRegisterAndLogin(SignUpPageTest.java:21)
at java.base/java.util.ArrayList.forEach(ArrayList.java:1511)
... Removed 27 stack frames]]>
    </failure>
  </testcase> <!-- testNewUserRegisterAndLogin -->
  <testcase classname="com.test.UserRegistrationDetailsTest_Data" name="testUserRegistrationDetailsTest_data" time="28.551"/>
  <testcase classname="com.test.ProductDetails" name="testProductDetails" time="1.198"/>
</testsuite> <!-- Test -->
