<?xml version="1.0" encoding="UTF-8"?>
<testng-results ignored="0" total="4" passed="3" failed="1" skipped="0">
  <reporter-output>
    <line>
      <![CDATA[======Launch Browser======]]>
    </line>
    <line>
      <![CDATA[<a target ="_blank" href=Wed_Sep_04_19_57_48_IST_2024.jpg>Screenshot</a>]]>
    </line>
    <line>
      <![CDATA[<br>]]>
    </line>
    <line>
      <![CDATA[<a target ="_blank" href=Wed_Sep_04_19_57_48_IST_2024.jpg><img src=Wed_Sep_04_19_57_48_IST_2024.jpg height=300 width=300></img></a>]]>
    </line>
    <line>
      <![CDATA[======Browser Closed======]]>
    </line>
  </reporter-output>
  <suite started-at="2024-09-04T19:57:31 IST" name="Suite" finished-at="2024-09-04T19:58:22 IST" duration-ms="51355">
    <groups>
    </groups>
    <test started-at="2024-09-04T19:57:31 IST" name="Test" finished-at="2024-09-04T19:58:22 IST" duration-ms="51355">
      <class name="com.test.UserRegistrationDetailsTest_Data">
        <test-method signature="testUserRegistrationDetailsTest_data(java.lang.String,java.lang.String,java.lang.String,java.lang.String,java.lang.String,java.lang.String,java.lang.String,java.lang.String)[pri:0, instance:com.test.UserRegistrationDetailsTest_Data@1a18644]" started-at="2024-09-04T19:57:52 IST" name="testUserRegistrationDetailsTest_data" data-provider="getUserData" finished-at="2024-09-04T19:58:20 IST" duration-ms="28551" status="PASS">
          <params>
            <param index="0">
              <value>
                <![CDATA[123456.0]]>
              </value>
            </param>
            <param index="1">
              <value>
                <![CDATA[abc]]>
              </value>
            </param>
            <param index="2">
              <value>
                <![CDATA[xyz]]>
              </value>
            </param>
            <param index="3">
              <value>
                <![CDATA[pqr]]>
              </value>
            </param>
            <param index="4">
              <value>
                <![CDATA[MH]]>
              </value>
            </param>
            <param index="5">
              <value>
                <![CDATA[NGP]]>
              </value>
            </param>
            <param index="6">
              <value>
                <![CDATA[12345.0]]>
              </value>
            </param>
            <param index="7">
              <value>
                <![CDATA[9876543.0]]>
              </value>
            </param>
          </params>
          <reporter-output>
          </reporter-output>
        </test-method> <!-- testUserRegistrationDetailsTest_data -->
      </class> <!-- com.test.UserRegistrationDetailsTest_Data -->
      <class name="com.test.SignUpPageTest">
        <test-method signature="testNewUserRegisterAndLogin()[pri:0, instance:com.test.SignUpPageTest@a530d0a]" started-at="2024-09-04T19:57:36 IST" name="testNewUserRegisterAndLogin" finished-at="2024-09-04T19:57:48 IST" duration-ms="12473" status="FAIL">
          <exception class="java.lang.AssertionError">
            <message>
              <![CDATA[null]]>
            </message>
            <full-stacktrace>
              <![CDATA[java.lang.AssertionError: null
at org.testng.Assert.fail(Assert.java:99)
at org.testng.Assert.fail(Assert.java:106)
at com.test.SignUpPageTest.testNewUserRegisterAndLogin(SignUpPageTest.java:21)
at java.base/jdk.internal.reflect.DirectMethodHandleAccessor.invoke(DirectMethodHandleAccessor.java:104)
at java.base/java.lang.reflect.Method.invoke(Method.java:577)
at org.testng.internal.MethodInvocationHelper.invokeMethod(MethodInvocationHelper.java:133)
at org.testng.internal.TestInvoker.invokeMethod(TestInvoker.java:598)
at org.testng.internal.TestInvoker.invokeTestMethod(TestInvoker.java:173)
at org.testng.internal.MethodRunner.runInSequence(MethodRunner.java:46)
at org.testng.internal.TestInvoker$MethodInvocationAgent.invoke(TestInvoker.java:824)
at org.testng.internal.TestInvoker.invokeTestMethods(TestInvoker.java:146)
at org.testng.internal.TestMethodWorker.invokeTestMethods(TestMethodWorker.java:146)
at org.testng.internal.TestMethodWorker.run(TestMethodWorker.java:128)
at java.base/java.util.ArrayList.forEach(ArrayList.java:1511)
at org.testng.TestRunner.privateRun(TestRunner.java:794)
at org.testng.TestRunner.run(TestRunner.java:596)
at org.testng.SuiteRunner.runTest(SuiteRunner.java:377)
at org.testng.SuiteRunner.runSequentially(SuiteRunner.java:371)
at org.testng.SuiteRunner.privateRun(SuiteRunner.java:332)
at org.testng.SuiteRunner.run(SuiteRunner.java:276)
at org.testng.SuiteRunnerWorker.runSuite(SuiteRunnerWorker.java:53)
at org.testng.SuiteRunnerWorker.run(SuiteRunnerWorker.java:96)
at org.testng.TestNG.runSuitesSequentially(TestNG.java:1212)
at org.testng.TestNG.runSuitesLocally(TestNG.java:1134)
at org.testng.TestNG.runSuites(TestNG.java:1063)
at org.testng.TestNG.run(TestNG.java:1031)
at org.testng.remote.AbstractRemoteTestNG.run(AbstractRemoteTestNG.java:115)
at org.testng.remote.RemoteTestNG.initAndRun(RemoteTestNG.java:251)
at org.testng.remote.RemoteTestNG.main(RemoteTestNG.java:77)
]]>
            </full-stacktrace>
          </exception> <!-- java.lang.AssertionError -->
          <reporter-output>
            <line>
              <![CDATA[<a target ="_blank" href=Wed_Sep_04_19_57_48_IST_2024.jpg>Screenshot</a>]]>
            </line>
            <line>
              <![CDATA[<br>]]>
            </line>
            <line>
              <![CDATA[<a target ="_blank" href=Wed_Sep_04_19_57_48_IST_2024.jpg><img src=Wed_Sep_04_19_57_48_IST_2024.jpg height=300 width=300></img></a>]]>
            </line>
          </reporter-output>
        </test-method> <!-- testNewUserRegisterAndLogin -->
      </class> <!-- com.test.SignUpPageTest -->
      <class name="com.test.ProductDetails">
        <test-method signature="testProductDetails()[pri:0, instance:com.test.ProductDetails@5acf93bb]" started-at="2024-09-04T19:58:21 IST" name="testProductDetails" finished-at="2024-09-04T19:58:22 IST" duration-ms="1198" status="PASS">
          <reporter-output>
          </reporter-output>
        </test-method> <!-- testProductDetails -->
      </class> <!-- com.test.ProductDetails -->
      <class name="com.test.LoginTest">
        <test-method is-config="true" signature="setup()[pri:0, instance:com.test.LoginTest@47987356]" started-at="2024-09-04T19:57:10 IST" name="setup" finished-at="2024-09-04T19:57:31 IST" duration-ms="20495" status="PASS">
          <reporter-output>
            <line>
              <![CDATA[======Launch Browser======]]>
            </line>
          </reporter-output>
        </test-method> <!-- setup -->
        <test-method signature="testClickRegisterAndLogin()[pri:0, instance:com.test.LoginTest@47987356]" started-at="2024-09-04T19:57:31 IST" name="testClickRegisterAndLogin" finished-at="2024-09-04T19:57:35 IST" duration-ms="4035" status="PASS">
          <reporter-output>
          </reporter-output>
        </test-method> <!-- testClickRegisterAndLogin -->
        <test-method is-config="true" signature="tearDown()[pri:0, instance:com.test.LoginTest@47987356]" started-at="2024-09-04T19:58:22 IST" name="tearDown" finished-at="2024-09-04T19:58:23 IST" duration-ms="550" status="PASS">
          <reporter-output>
            <line>
              <![CDATA[======Browser Closed======]]>
            </line>
          </reporter-output>
        </test-method> <!-- tearDown -->
      </class> <!-- com.test.LoginTest -->
    </test> <!-- Test -->
  </suite> <!-- Suite -->
</testng-results>
